This is pdfTeX, Version 3.14159265-2.6-1.40.21 (MiKTeX 20.11) (preloaded format=pdflatex 2020.12.8)  20 DEC 2020 23:29
entering extended mode
**./01-brief-history.tex
(01-brief-history.tex
LaTeX2e <2020-10-01> patch level 2
L3 programming layer <2020-12-03> xparse <2020-03-03>
("/Users/omid/Library/Application Support/MiKTeX/texmfs/install/tex/latex/beame
r/beamer.cls"
Document Class: beamer 2020/07/22 v3.59 A class for typesetting presentations

("/Users/omid/Library/Application Support/MiKTeX/texmfs/install/tex/latex/beame
r/beamerbasemodes.sty"
("/Users/omid/Library/Application Support/MiKTeX/texmfs/install/tex/latex/etool
box/etoolbox.sty"
Package: etoolbox 2020/10/05 v2.5k e-TeX tools for LaTeX (JAW)
\etb@tempcnta=\count177
)
\beamer@tempbox=\box47
\beamer@tempcount=\count178
\c@beamerpauses=\count179

("/Users/omid/Library/Application Support/MiKTeX/texmfs/install/tex/latex/beame
r/beamerbasedecode.sty"
\beamer@slideinframe=\count180
\beamer@minimum=\count181
\beamer@decode@box=\box48
)
\beamer@commentbox=\box49
\beamer@modecount=\count182
)
("/Users/omid/Library/Application Support/MiKTeX/texmfs/install/tex/generic/ift
ex/ifpdf.sty"
Package: ifpdf 2019/10/25 v3.4 ifpdf legacy package. Use iftex instead.

("/Users/omid/Library/Application Support/MiKTeX/texmfs/install/tex/generic/ift
ex/iftex.sty"
Package: iftex 2020/03/06 v1.0d TeX engine tests
))
\headdp=\dimen138
\footheight=\dimen139
\sidebarheight=\dimen140
\beamer@tempdim=\dimen141
\beamer@finalheight=\dimen142
\beamer@animht=\dimen143
\beamer@animdp=\dimen144
\beamer@animwd=\dimen145
\beamer@leftmargin=\dimen146
\beamer@rightmargin=\dimen147
\beamer@leftsidebar=\dimen148
\beamer@rightsidebar=\dimen149
\beamer@boxsize=\dimen150
\beamer@vboxoffset=\dimen151
\beamer@descdefault=\dimen152
\beamer@descriptionwidth=\dimen153
\beamer@lastskip=\skip47
\beamer@areabox=\box50
\beamer@animcurrent=\box51
\beamer@animshowbox=\box52
\beamer@sectionbox=\box53
\beamer@logobox=\box54
\beamer@linebox=\box55
\beamer@sectioncount=\count183
\beamer@subsubsectionmax=\count184
\beamer@subsectionmax=\count185
\beamer@sectionmax=\count186
\beamer@totalheads=\count187
\beamer@headcounter=\count188
\beamer@partstartpage=\count189
\beamer@sectionstartpage=\count190
\beamer@subsectionstartpage=\count191
\beamer@animationtempa=\count192
\beamer@animationtempb=\count193
\beamer@xpos=\count194
\beamer@ypos=\count195
\beamer@ypos@offset=\count196
\beamer@showpartnumber=\count197
\beamer@currentsubsection=\count198
\beamer@coveringdepth=\count199
\beamer@sectionadjust=\count266
\beamer@tocsectionnumber=\count267

("/Users/omid/Library/Application Support/MiKTeX/texmfs/install/tex/latex/beame
r/beamerbaseoptions.sty"
("/Users/omid/Library/Application Support/MiKTeX/texmfs/install/tex/latex/graph
ics/keyval.sty"
Package: keyval 2014/10/28 v1.15 key=value parser (DPC)
\KV@toks@=\toks15
))
\beamer@paperwidth=\skip48
\beamer@paperheight=\skip49

("/Users/omid/Library/Application Support/MiKTeX/texmfs/install/tex/latex/geome
try/geometry.sty"
Package: geometry 2020/01/02 v5.9 Page Geometry

("/Users/omid/Library/Application Support/MiKTeX/texmfs/install/tex/generic/ift
ex/ifvtex.sty"
Package: ifvtex 2019/10/25 v1.7 ifvtex legacy package. Use iftex instead.
)
\Gm@cnth=\count268
\Gm@cntv=\count269
\c@Gm@tempcnt=\count270
\Gm@bindingoffset=\dimen154
\Gm@wd@mp=\dimen155
\Gm@odd@mp=\dimen156
\Gm@even@mp=\dimen157
\Gm@layoutwidth=\dimen158
\Gm@layoutheight=\dimen159
\Gm@layouthoffset=\dimen160
\Gm@layoutvoffset=\dimen161
\Gm@dimlist=\toks16

("/Users/omid/Library/Application Support/MiKTeX/texmfs/install/tex/latex/geome
try/geometry.cfg"))
("/Users/omid/Library/Application Support/MiKTeX/texmfs/install/tex/latex/base/
size11.clo"
File: size11.clo 2020/04/10 v1.4m Standard LaTeX file (size option)
)
("/Users/omid/Library/Application Support/MiKTeX/texmfs/install/tex/latex/pgf/b
asiclayer/pgfcore.sty"
("/Users/omid/Library/Application Support/MiKTeX/texmfs/install/tex/latex/graph
ics/graphicx.sty"
Package: graphicx 2020/09/09 v1.2b Enhanced LaTeX Graphics (DPC,SPQR)

("/Users/omid/Library/Application Support/MiKTeX/texmfs/install/tex/latex/graph
ics/graphics.sty"
Package: graphics 2020/08/30 v1.4c Standard LaTeX Graphics (DPC,SPQR)

("/Users/omid/Library/Application Support/MiKTeX/texmfs/install/tex/latex/graph
ics/trig.sty"
Package: trig 2016/01/03 v1.10 sin cos tan (DPC)
)
("/Users/omid/Library/Application Support/MiKTeX/texmfs/install/tex/latex/graph
ics-cfg/graphics.cfg"
File: graphics.cfg 2016/06/04 v1.11 sample graphics configuration
)
Package graphics Info: Driver file: pdftex.def on input line 105.

("/Users/omid/Library/Application Support/MiKTeX/texmfs/install/tex/latex/graph
ics-def/pdftex.def"
File: pdftex.def 2020/10/05 v1.2a Graphics/color driver for pdftex
))
\Gin@req@height=\dimen162
\Gin@req@width=\dimen163
)
("/Users/omid/Library/Application Support/MiKTeX/texmfs/install/tex/latex/pgf/s
ystemlayer/pgfsys.sty"
("/Users/omid/Library/Application Support/MiKTeX/texmfs/install/tex/latex/pgf/u
tilities/pgfrcs.sty"
("/Users/omid/Library/Application Support/MiKTeX/texmfs/install/tex/generic/pgf
/utilities/pgfutil-common.tex"
\pgfutil@everybye=\toks17
\pgfutil@tempdima=\dimen164
\pgfutil@tempdimb=\dimen165

("/Users/omid/Library/Application Support/MiKTeX/texmfs/install/tex/generic/pgf
/utilities/pgfutil-common-lists.tex"))
("/Users/omid/Library/Application Support/MiKTeX/texmfs/install/tex/generic/pgf
/utilities/pgfutil-latex.def"
\pgfutil@abb=\box56
)
("/Users/omid/Library/Application Support/MiKTeX/texmfs/install/tex/generic/pgf
/utilities/pgfrcs.code.tex"
("/Users/omid/Library/Application Support/MiKTeX/texmfs/install/tex/generic/pgf
/pgf.revision.tex")
Package: pgfrcs 2020/12/01 v3.1.7a (3.1.7a)
))
("/Users/omid/Library/Application Support/MiKTeX/texmfs/install/tex/generic/pgf
/systemlayer/pgfsys.code.tex"
Package: pgfsys 2020/12/01 v3.1.7a (3.1.7a)

("/Users/omid/Library/Application Support/MiKTeX/texmfs/install/tex/generic/pgf
/utilities/pgfkeys.code.tex"
\pgfkeys@pathtoks=\toks18
\pgfkeys@temptoks=\toks19

("/Users/omid/Library/Application Support/MiKTeX/texmfs/install/tex/generic/pgf
/utilities/pgfkeysfiltered.code.tex"
\pgfkeys@tmptoks=\toks20
))
\pgf@x=\dimen166
\pgf@y=\dimen167
\pgf@xa=\dimen168
\pgf@ya=\dimen169
\pgf@xb=\dimen170
\pgf@yb=\dimen171
\pgf@xc=\dimen172
\pgf@yc=\dimen173
\pgf@xd=\dimen174
\pgf@yd=\dimen175
\w@pgf@writea=\write3
\r@pgf@reada=\read2
\c@pgf@counta=\count271
\c@pgf@countb=\count272
\c@pgf@countc=\count273
\c@pgf@countd=\count274
\t@pgf@toka=\toks21
\t@pgf@tokb=\toks22
\t@pgf@tokc=\toks23
\pgf@sys@id@count=\count275

("/Users/omid/Library/Application Support/MiKTeX/texmfs/install/tex/generic/pgf
/systemlayer/pgf.cfg"
File: pgf.cfg 2020/12/01 v3.1.7a (3.1.7a)
)
Driver file for pgf: pgfsys-pdftex.def

("/Users/omid/Library/Application Support/MiKTeX/texmfs/install/tex/generic/pgf
/systemlayer/pgfsys-pdftex.def"
File: pgfsys-pdftex.def 2020/12/01 v3.1.7a (3.1.7a)

("/Users/omid/Library/Application Support/MiKTeX/texmfs/install/tex/generic/pgf
/systemlayer/pgfsys-common-pdf.def"
File: pgfsys-common-pdf.def 2020/12/01 v3.1.7a (3.1.7a)
)))
("/Users/omid/Library/Application Support/MiKTeX/texmfs/install/tex/generic/pgf
/systemlayer/pgfsyssoftpath.code.tex"
File: pgfsyssoftpath.code.tex 2020/12/01 v3.1.7a (3.1.7a)
\pgfsyssoftpath@smallbuffer@items=\count276
\pgfsyssoftpath@bigbuffer@items=\count277
)
("/Users/omid/Library/Application Support/MiKTeX/texmfs/install/tex/generic/pgf
/systemlayer/pgfsysprotocol.code.tex"
File: pgfsysprotocol.code.tex 2020/12/01 v3.1.7a (3.1.7a)
))
("/Users/omid/Library/Application Support/MiKTeX/texmfs/install/tex/latex/xcolo
r/xcolor.sty"
Package: xcolor 2016/05/11 v2.12 LaTeX color extensions (UK)

("/Users/omid/Library/Application Support/MiKTeX/texmfs/install/tex/latex/graph
ics-cfg/color.cfg"
File: color.cfg 2016/01/02 v1.6 sample color configuration
)
Package xcolor Info: Driver file: pdftex.def on input line 225.
Package xcolor Info: Model `cmy' substituted by `cmy0' on input line 1348.
Package xcolor Info: Model `hsb' substituted by `rgb' on input line 1352.
Package xcolor Info: Model `RGB' extended on input line 1364.
Package xcolor Info: Model `HTML' substituted by `rgb' on input line 1366.
Package xcolor Info: Model `Hsb' substituted by `hsb' on input line 1367.
Package xcolor Info: Model `tHsb' substituted by `hsb' on input line 1368.
Package xcolor Info: Model `HSB' substituted by `hsb' on input line 1369.
Package xcolor Info: Model `Gray' substituted by `gray' on input line 1370.
Package xcolor Info: Model `wave' substituted by `hsb' on input line 1371.
)
("/Users/omid/Library/Application Support/MiKTeX/texmfs/install/tex/generic/pgf
/basiclayer/pgfcore.code.tex"
Package: pgfcore 2020/12/01 v3.1.7a (3.1.7a)

("/Users/omid/Library/Application Support/MiKTeX/texmfs/install/tex/generic/pgf
/math/pgfmath.code.tex"
("/Users/omid/Library/Application Support/MiKTeX/texmfs/install/tex/generic/pgf
/math/pgfmathcalc.code.tex"
("/Users/omid/Library/Application Support/MiKTeX/texmfs/install/tex/generic/pgf
/math/pgfmathutil.code.tex")
("/Users/omid/Library/Application Support/MiKTeX/texmfs/install/tex/generic/pgf
/math/pgfmathparser.code.tex"
\pgfmath@dimen=\dimen176
\pgfmath@count=\count278
\pgfmath@box=\box57
\pgfmath@toks=\toks24
\pgfmath@stack@operand=\toks25
\pgfmath@stack@operation=\toks26
)
("/Users/omid/Library/Application Support/MiKTeX/texmfs/install/tex/generic/pgf
/math/pgfmathfunctions.code.tex"
("/Users/omid/Library/Application Support/MiKTeX/texmfs/install/tex/generic/pgf
/math/pgfmathfunctions.basic.code.tex")
("/Users/omid/Library/Application Support/MiKTeX/texmfs/install/tex/generic/pgf
/math/pgfmathfunctions.trigonometric.code.tex")
("/Users/omid/Library/Application Support/MiKTeX/texmfs/install/tex/generic/pgf
/math/pgfmathfunctions.random.code.tex")
("/Users/omid/Library/Application Support/MiKTeX/texmfs/install/tex/generic/pgf
/math/pgfmathfunctions.comparison.code.tex")
("/Users/omid/Library/Application Support/MiKTeX/texmfs/install/tex/generic/pgf
/math/pgfmathfunctions.base.code.tex")
("/Users/omid/Library/Application Support/MiKTeX/texmfs/install/tex/generic/pgf
/math/pgfmathfunctions.round.code.tex")
("/Users/omid/Library/Application Support/MiKTeX/texmfs/install/tex/generic/pgf
/math/pgfmathfunctions.misc.code.tex")
("/Users/omid/Library/Application Support/MiKTeX/texmfs/install/tex/generic/pgf
/math/pgfmathfunctions.integerarithmetics.code.tex")))
("/Users/omid/Library/Application Support/MiKTeX/texmfs/install/tex/generic/pgf
/math/pgfmathfloat.code.tex"
\c@pgfmathroundto@lastzeros=\count279
))
("/Users/omid/Library/Application Support/MiKTeX/texmfs/install/tex/generic/pgf
/math/pgfint.code.tex")
("/Users/omid/Library/Application Support/MiKTeX/texmfs/install/tex/generic/pgf
/basiclayer/pgfcorepoints.code.tex"
File: pgfcorepoints.code.tex 2020/12/01 v3.1.7a (3.1.7a)
\pgf@picminx=\dimen177
\pgf@picmaxx=\dimen178
\pgf@picminy=\dimen179
\pgf@picmaxy=\dimen180
\pgf@pathminx=\dimen181
\pgf@pathmaxx=\dimen182
\pgf@pathminy=\dimen183
\pgf@pathmaxy=\dimen184
\pgf@xx=\dimen185
\pgf@xy=\dimen186
\pgf@yx=\dimen187
\pgf@yy=\dimen188
\pgf@zx=\dimen189
\pgf@zy=\dimen190
)
("/Users/omid/Library/Application Support/MiKTeX/texmfs/install/tex/generic/pgf
/basiclayer/pgfcorepathconstruct.code.tex"
File: pgfcorepathconstruct.code.tex 2020/12/01 v3.1.7a (3.1.7a)
\pgf@path@lastx=\dimen191
\pgf@path@lasty=\dimen192
)
("/Users/omid/Library/Application Support/MiKTeX/texmfs/install/tex/generic/pgf
/basiclayer/pgfcorepathusage.code.tex"
File: pgfcorepathusage.code.tex 2020/12/01 v3.1.7a (3.1.7a)
\pgf@shorten@end@additional=\dimen193
\pgf@shorten@start@additional=\dimen194
)
("/Users/omid/Library/Application Support/MiKTeX/texmfs/install/tex/generic/pgf
/basiclayer/pgfcorescopes.code.tex"
File: pgfcorescopes.code.tex 2020/12/01 v3.1.7a (3.1.7a)
\pgfpic=\box58
\pgf@hbox=\box59
\pgf@layerbox@main=\box60
\pgf@picture@serial@count=\count280
)
("/Users/omid/Library/Application Support/MiKTeX/texmfs/install/tex/generic/pgf
/basiclayer/pgfcoregraphicstate.code.tex"
File: pgfcoregraphicstate.code.tex 2020/12/01 v3.1.7a (3.1.7a)
\pgflinewidth=\dimen195
)
("/Users/omid/Library/Application Support/MiKTeX/texmfs/install/tex/generic/pgf
/basiclayer/pgfcoretransformations.code.tex"
File: pgfcoretransformations.code.tex 2020/12/01 v3.1.7a (3.1.7a)
\pgf@pt@x=\dimen196
\pgf@pt@y=\dimen197
\pgf@pt@temp=\dimen198
)
("/Users/omid/Library/Application Support/MiKTeX/texmfs/install/tex/generic/pgf
/basiclayer/pgfcorequick.code.tex"
File: pgfcorequick.code.tex 2020/12/01 v3.1.7a (3.1.7a)
)
("/Users/omid/Library/Application Support/MiKTeX/texmfs/install/tex/generic/pgf
/basiclayer/pgfcoreobjects.code.tex"
File: pgfcoreobjects.code.tex 2020/12/01 v3.1.7a (3.1.7a)
)
("/Users/omid/Library/Application Support/MiKTeX/texmfs/install/tex/generic/pgf
/basiclayer/pgfcorepathprocessing.code.tex"
File: pgfcorepathprocessing.code.tex 2020/12/01 v3.1.7a (3.1.7a)
)
("/Users/omid/Library/Application Support/MiKTeX/texmfs/install/tex/generic/pgf
/basiclayer/pgfcorearrows.code.tex"
File: pgfcorearrows.code.tex 2020/12/01 v3.1.7a (3.1.7a)
\pgfarrowsep=\dimen199
)
("/Users/omid/Library/Application Support/MiKTeX/texmfs/install/tex/generic/pgf
/basiclayer/pgfcoreshade.code.tex"
File: pgfcoreshade.code.tex 2020/12/01 v3.1.7a (3.1.7a)
\pgf@max=\dimen256
\pgf@sys@shading@range@num=\count281
\pgf@shadingcount=\count282
)
("/Users/omid/Library/Application Support/MiKTeX/texmfs/install/tex/generic/pgf
/basiclayer/pgfcoreimage.code.tex"
File: pgfcoreimage.code.tex 2020/12/01 v3.1.7a (3.1.7a)

("/Users/omid/Library/Application Support/MiKTeX/texmfs/install/tex/generic/pgf
/basiclayer/pgfcoreexternal.code.tex"
File: pgfcoreexternal.code.tex 2020/12/01 v3.1.7a (3.1.7a)
\pgfexternal@startupbox=\box61
))
("/Users/omid/Library/Application Support/MiKTeX/texmfs/install/tex/generic/pgf
/basiclayer/pgfcorelayers.code.tex"
File: pgfcorelayers.code.tex 2020/12/01 v3.1.7a (3.1.7a)
)
("/Users/omid/Library/Application Support/MiKTeX/texmfs/install/tex/generic/pgf
/basiclayer/pgfcoretransparency.code.tex"
File: pgfcoretransparency.code.tex 2020/12/01 v3.1.7a (3.1.7a)
)
("/Users/omid/Library/Application Support/MiKTeX/texmfs/install/tex/generic/pgf
/basiclayer/pgfcorepatterns.code.tex"
File: pgfcorepatterns.code.tex 2020/12/01 v3.1.7a (3.1.7a)
)
("/Users/omid/Library/Application Support/MiKTeX/texmfs/install/tex/generic/pgf
/basiclayer/pgfcorerdf.code.tex"
File: pgfcorerdf.code.tex 2020/12/01 v3.1.7a (3.1.7a)
)))
("/Users/omid/Library/Application Support/MiKTeX/texmfs/install/tex/latex/pgf/u
tilities/xxcolor.sty"
Package: xxcolor 2003/10/24 ver 0.1
\XC@nummixins=\count283
\XC@countmixins=\count284
)
("/Users/omid/Library/Application Support/MiKTeX/texmfs/install/tex/latex/base/
atbegshi-ltx.sty"
Package: atbegshi-ltx 2020/08/17 v1.0a Emulation of the original atbegshi packa
ge
with kernel methods
)
("/Users/omid/Library/Application Support/MiKTeX/texmfs/install/tex/latex/hyper
ref/hyperref.sty"
Package: hyperref 2020-05-15 v7.00e Hypertext links for LaTeX

("/Users/omid/Library/Application Support/MiKTeX/texmfs/install/tex/generic/ltx
cmds/ltxcmds.sty"
Package: ltxcmds 2020-05-10 v1.25 LaTeX kernel commands for general use (HO)
)
("/Users/omid/Library/Application Support/MiKTeX/texmfs/install/tex/generic/pdf
texcmds/pdftexcmds.sty"
Package: pdftexcmds 2020-06-27 v0.33 Utility functions of pdfTeX for LuaTeX (HO
)

("/Users/omid/Library/Application Support/MiKTeX/texmfs/install/tex/generic/inf
warerr/infwarerr.sty"
Package: infwarerr 2019/12/03 v1.5 Providing info/warning/error messages (HO)
)
Package pdftexcmds Info: \pdf@primitive is available.
Package pdftexcmds Info: \pdf@ifprimitive is available.
Package pdftexcmds Info: \pdfdraftmode found.
)
("/Users/omid/Library/Application Support/MiKTeX/texmfs/install/tex/generic/kvs
etkeys/kvsetkeys.sty"
Package: kvsetkeys 2019/12/15 v1.18 Key value parser (HO)
)
("/Users/omid/Library/Application Support/MiKTeX/texmfs/install/tex/generic/kvd
efinekeys/kvdefinekeys.sty"
Package: kvdefinekeys 2019-12-19 v1.6 Define keys (HO)
)
("/Users/omid/Library/Application Support/MiKTeX/texmfs/install/tex/generic/pdf
escape/pdfescape.sty"
Package: pdfescape 2019/12/09 v1.15 Implements pdfTeX's escape features (HO)
)
("/Users/omid/Library/Application Support/MiKTeX/texmfs/install/tex/latex/hycol
or/hycolor.sty"
Package: hycolor 2020-01-27 v1.10 Color options for hyperref/bookmark (HO)
)
("/Users/omid/Library/Application Support/MiKTeX/texmfs/install/tex/latex/letlt
xmacro/letltxmacro.sty"
Package: letltxmacro 2019/12/03 v1.6 Let assignment for LaTeX macros (HO)
)
("/Users/omid/Library/Application Support/MiKTeX/texmfs/install/tex/latex/auxho
ok/auxhook.sty"
Package: auxhook 2019-12-17 v1.6 Hooks for auxiliary files (HO)
)
("/Users/omid/Library/Application Support/MiKTeX/texmfs/install/tex/latex/kvopt
ions/kvoptions.sty"
Package: kvoptions 2020-10-07 v3.14 Key value format for package options (HO)
)
\@linkdim=\dimen257
\Hy@linkcounter=\count285
\Hy@pagecounter=\count286

("/Users/omid/Library/Application Support/MiKTeX/texmfs/install/tex/latex/hyper
ref/pd1enc.def"
File: pd1enc.def 2020-05-15 v7.00e Hyperref: PDFDocEncoding definition (HO)
Now handling font encoding PD1 ...
... no UTF-8 mapping file for font encoding PD1
)
("/Users/omid/Library/Application Support/MiKTeX/texmfs/install/tex/generic/int
calc/intcalc.sty"
Package: intcalc 2019/12/15 v1.3 Expandable calculations with integers (HO)
)
("/Users/omid/Library/Application Support/MiKTeX/texmfs/install/tex/generic/ete
xcmds/etexcmds.sty"
Package: etexcmds 2019/12/15 v1.7 Avoid name clashes with e-TeX commands (HO)
)
\Hy@SavedSpaceFactor=\count287
Package hyperref Info: Option `bookmarks' set `true' on input line 4338.
Package hyperref Info: Option `bookmarksopen' set `true' on input line 4338.
Package hyperref Info: Option `implicit' set `false' on input line 4338.
Package hyperref Info: Hyper figures OFF on input line 4464.
Package hyperref Info: Link nesting OFF on input line 4469.
Package hyperref Info: Hyper index ON on input line 4472.
Package hyperref Info: Plain pages OFF on input line 4479.
Package hyperref Info: Backreferencing OFF on input line 4484.
Package hyperref Info: Implicit mode OFF; no redefinition of LaTeX internals.
Package hyperref Info: Bookmarks ON on input line 4717.
\c@Hy@tempcnt=\count288

("/Users/omid/Library/Application Support/MiKTeX/texmfs/install/tex/latex/url/u
rl.sty"
\Urlmuskip=\muskip16
Package: url 2013/09/16  ver 3.4  Verb mode for urls, etc.
)
LaTeX Info: Redefining \url on input line 5076.
\XeTeXLinkMargin=\dimen258

("/Users/omid/Library/Application Support/MiKTeX/texmfs/install/tex/generic/bit
set/bitset.sty"
Package: bitset 2019/12/09 v1.3 Handle bit-vector datatype (HO)

("/Users/omid/Library/Application Support/MiKTeX/texmfs/install/tex/generic/big
intcalc/bigintcalc.sty"
Package: bigintcalc 2019/12/15 v1.5 Expandable calculations on big integers (HO
)
))
\Fld@menulength=\count289
\Field@Width=\dimen259
\Fld@charsize=\dimen260
Package hyperref Info: Hyper figures OFF on input line 6347.
Package hyperref Info: Link nesting OFF on input line 6352.
Package hyperref Info: Hyper index ON on input line 6355.
Package hyperref Info: backreferencing OFF on input line 6362.
Package hyperref Info: Link coloring OFF on input line 6367.
Package hyperref Info: Link coloring with OCG OFF on input line 6372.
Package hyperref Info: PDF/A mode OFF on input line 6377.
LaTeX Info: Redefining \ref on input line 6417.
LaTeX Info: Redefining \pageref on input line 6421.
\Hy@abspage=\count290


Package hyperref Message: Stopped early.

)
Package hyperref Info: Driver (autodetected): hpdftex.

("/Users/omid/Library/Application Support/MiKTeX/texmfs/install/tex/latex/hyper
ref/hpdftex.def"
File: hpdftex.def 2020-05-15 v7.00e Hyperref driver for pdfTeX

("/Users/omid/Library/Application Support/MiKTeX/texmfs/install/tex/latex/base/
atveryend-ltx.sty"
Package: atveryend-ltx 2020/08/19 v1.0a Emulation of the original atvery packag
e
with kernel methods
)
\Fld@listcount=\count291
\c@bookmark@seq@number=\count292

("/Users/omid/Library/Application Support/MiKTeX/texmfs/install/tex/latex/rerun
filecheck/rerunfilecheck.sty"
Package: rerunfilecheck 2019/12/05 v1.9 Rerun checks for auxiliary files (HO)

("/Users/omid/Library/Application Support/MiKTeX/texmfs/install/tex/generic/uni
quecounter/uniquecounter.sty"
Package: uniquecounter 2019/12/15 v1.4 Provide unlimited unique counter (HO)
)
Package uniquecounter Info: New unique counter `rerunfilecheck' on input line 2
86.
))
("/Users/omid/Library/Application Support/MiKTeX/texmfs/install/tex/latex/beame
r/beamerbaserequires.sty"
("/Users/omid/Library/Application Support/MiKTeX/texmfs/install/tex/latex/beame
r/beamerbasecompatibility.sty")
("/Users/omid/Library/Application Support/MiKTeX/texmfs/install/tex/latex/beame
r/beamerbasefont.sty"
("/Users/omid/Library/Application Support/MiKTeX/texmfs/install/tex/latex/amsfo
nts/amssymb.sty"
Package: amssymb 2013/01/14 v3.01 AMS font symbols

("/Users/omid/Library/Application Support/MiKTeX/texmfs/install/tex/latex/amsfo
nts/amsfonts.sty"
Package: amsfonts 2013/01/14 v3.01 Basic AMSFonts support
\@emptytoks=\toks27
\symAMSa=\mathgroup4
\symAMSb=\mathgroup5
LaTeX Font Info:    Redeclaring math symbol \hbar on input line 98.
LaTeX Font Info:    Overwriting math alphabet `\mathfrak' in version `bold'
(Font)                  U/euf/m/n --> U/euf/b/n on input line 106.
))
("/Users/omid/Library/Application Support/MiKTeX/texmfs/install/tex/latex/sansm
athaccent/sansmathaccent.sty"
Package: sansmathaccent 2020/01/31

("/Users/omid/Library/Application Support/MiKTeX/texmfs/install/tex/latex/koma-
script/scrlfile.sty"
Package: scrlfile 2020/09/21 v3.32 KOMA-Script package (file load hooks)

("/Users/omid/Library/Application Support/MiKTeX/texmfs/install/tex/latex/koma-
script/scrlfile-hook.sty"
Package: scrlfile-hook 2020/09/21 v3.32 KOMA-Script package (using LaTeX hooks)


LaTeX3 Info: Defining command \BeforeFile with sig. 'm' on line 61.


LaTeX3 Info: Defining command \AfterFile with sig. 'm' on line 65.


LaTeX3 Info: Defining command \BeforeClass with sig. 'm' on line 69.


LaTeX3 Info: Defining command \BeforePackage with sig. 'm' on line 73.


LaTeX3 Info: Defining command \AfterAtEndOfClass with sig. 'smo+m' on line 83.


LaTeX3 Info: Defining command \AfterAtEndOfPackage with sig. 'smo+m' on line
(LaTeX3)     93.


LaTeX3 Info: Defining command \scrlfile@AfterClass with sig. 'smo+m' on line
(LaTeX3)     173.


LaTeX3 Info: Defining command \AfterClass with sig. '' on line 174.


LaTeX3 Info: Defining command \scrlfile@AfterPackage with sig. 'smo+m' on line
(LaTeX3)     191.


LaTeX3 Info: Defining command \AfterPackage with sig. '' on line 192.


LaTeX3 Info: Defining command \ReplaceInput with sig. '' on line 193.


LaTeX3 Info: Defining command \ReplaceClass with sig. 'mm' on line 196.


LaTeX3 Info: Defining command \ReplacePackage with sig. 'mm' on line 199.


LaTeX3 Info: Defining command \UnReplaceInput with sig. '' on line 200.


LaTeX3 Info: Defining command \UnReplaceClass with sig. 'm' on line 203.


LaTeX3 Info: Defining command \UnReplacePackage with sig. 'mm' on line 206.


LaTeX3 Info: Defining command \PreventPackageFromLoading with sig. 's+om' on
(LaTeX3)     line 234.


LaTeX3 Info: Defining command \StorePreventPackageFromLoading with sig. 'm' on
(LaTeX3)     line 242.


LaTeX3 Info: Defining command \ResetPreventPackageFromLoading with sig. '' on
(LaTeX3)     line 247.


LaTeX3 Info: Defining command \UnPreventPackageFromLoading with sig. 'sm' on
(LaTeX3)     line 261.


LaTeX3 Info: Defining command \BeforeClosingMainAux with sig. 'om' on line
(LaTeX3)     274.


LaTeX3 Info: Defining command \AfterReadingMainAux with sig. 'om' on line 287.


LaTeX3 Info: Defining command \protected@immediate@write with sig. 'm+m+m' on
(LaTeX3)     line 298.


("/Users/omid/Library/Application Support/MiKTeX/texmfs/install/tex/latex/koma-
script/scrlogo.sty"
Package: scrlogo 2020/09/21 v3.32 KOMA-Script package (logo)
)))))
("/Users/omid/Library/Application Support/MiKTeX/texmfs/install/tex/latex/beame
r/beamerbasetranslator.sty"
("/Users/omid/Library/Application Support/MiKTeX/texmfs/install/tex/latex/trans
lator/translator.sty"
Package: translator 2020-08-03 v1.12c Easy translation of strings in LaTeX
))
("/Users/omid/Library/Application Support/MiKTeX/texmfs/install/tex/latex/beame
r/beamerbasemisc.sty")
("/Users/omid/Library/Application Support/MiKTeX/texmfs/install/tex/latex/beame
r/beamerbasetwoscreens.sty")
("/Users/omid/Library/Application Support/MiKTeX/texmfs/install/tex/latex/beame
r/beamerbaseoverlay.sty"
\beamer@argscount=\count293
\beamer@lastskipcover=\skip50
\beamer@trivlistdepth=\count294
)
("/Users/omid/Library/Application Support/MiKTeX/texmfs/install/tex/latex/beame
r/beamerbasetitle.sty")
("/Users/omid/Library/Application Support/MiKTeX/texmfs/install/tex/latex/beame
r/beamerbasesection.sty"
\c@lecture=\count295
\c@part=\count296
\c@section=\count297
\c@subsection=\count298
\c@subsubsection=\count299
)
("/Users/omid/Library/Application Support/MiKTeX/texmfs/install/tex/latex/beame
r/beamerbaseframe.sty"
\beamer@framebox=\box62
\beamer@frametitlebox=\box63
\beamer@zoombox=\box64
\beamer@zoomcount=\count300
\beamer@zoomframecount=\count301
\beamer@frametextheight=\dimen261
\c@subsectionslide=\count302
\beamer@frametopskip=\skip51
\beamer@framebottomskip=\skip52
\beamer@frametopskipautobreak=\skip53
\beamer@framebottomskipautobreak=\skip54
\beamer@envbody=\toks28
\framewidth=\dimen262
\c@framenumber=\count303
)
("/Users/omid/Library/Application Support/MiKTeX/texmfs/install/tex/latex/beame
r/beamerbaseverbatim.sty"
\beamer@verbatimfileout=\write4
)
("/Users/omid/Library/Application Support/MiKTeX/texmfs/install/tex/latex/beame
r/beamerbaseframesize.sty"
\beamer@splitbox=\box65
\beamer@autobreakcount=\count304
\beamer@autobreaklastheight=\dimen263
\beamer@frametitletoks=\toks29
\beamer@framesubtitletoks=\toks30
)
("/Users/omid/Library/Application Support/MiKTeX/texmfs/install/tex/latex/beame
r/beamerbaseframecomponents.sty"
\beamer@footins=\box66
)
("/Users/omid/Library/Application Support/MiKTeX/texmfs/install/tex/latex/beame
r/beamerbasecolor.sty")
("/Users/omid/Library/Application Support/MiKTeX/texmfs/install/tex/latex/beame
r/beamerbasenotes.sty"
\beamer@frameboxcopy=\box67
)
("/Users/omid/Library/Application Support/MiKTeX/texmfs/install/tex/latex/beame
r/beamerbasetoc.sty")
("/Users/omid/Library/Application Support/MiKTeX/texmfs/install/tex/latex/beame
r/beamerbasetemplates.sty"
\beamer@sbttoks=\toks31

("/Users/omid/Library/Application Support/MiKTeX/texmfs/install/tex/latex/beame
r/beamerbaseauxtemplates.sty"
("/Users/omid/Library/Application Support/MiKTeX/texmfs/install/tex/latex/beame
r/beamerbaseboxes.sty"
\bmb@box=\box68
\bmb@colorbox=\box69
\bmb@boxshadow=\box70
\bmb@boxshadowball=\box71
\bmb@boxshadowballlarge=\box72
\bmb@temp=\dimen264
\bmb@dima=\dimen265
\bmb@dimb=\dimen266
\bmb@prevheight=\dimen267
)
\beamer@blockheadheight=\dimen268
))
("/Users/omid/Library/Application Support/MiKTeX/texmfs/install/tex/latex/beame
r/beamerbaselocalstructure.sty"
("/Users/omid/Library/Application Support/MiKTeX/texmfs/install/tex/latex/latex
-tools/enumerate.sty"
Package: enumerate 2015/07/23 v3.00 enumerate extensions (DPC)
\@enLab=\toks32
)
\c@figure=\count305
\c@table=\count306
\abovecaptionskip=\skip55
\belowcaptionskip=\skip56
)
("/Users/omid/Library/Application Support/MiKTeX/texmfs/install/tex/latex/beame
r/beamerbasenavigation.sty"
\beamer@section@min@dim=\dimen269
)
("/Users/omid/Library/Application Support/MiKTeX/texmfs/install/tex/latex/beame
r/beamerbasetheorems.sty"
("/Users/omid/Library/Application Support/MiKTeX/texmfs/install/tex/latex/amsma
th/amsmath.sty"
Package: amsmath 2020/09/23 v2.17i AMS math features
\@mathmargin=\skip57

For additional information on amsmath, use the `?' option.

("/Users/omid/Library/Application Support/MiKTeX/texmfs/install/tex/latex/amsma
th/amstext.sty"
Package: amstext 2000/06/29 v2.01 AMS text

("/Users/omid/Library/Application Support/MiKTeX/texmfs/install/tex/latex/amsma
th/amsgen.sty"
File: amsgen.sty 1999/11/30 v2.0 generic functions
\@emptytoks=\toks33
\ex@=\dimen270
))
("/Users/omid/Library/Application Support/MiKTeX/texmfs/install/tex/latex/amsma
th/amsbsy.sty"
Package: amsbsy 1999/11/29 v1.2d Bold Symbols
\pmbraise@=\dimen271
)
("/Users/omid/Library/Application Support/MiKTeX/texmfs/install/tex/latex/amsma
th/amsopn.sty"
Package: amsopn 2016/03/08 v2.02 operator names
)
\inf@bad=\count307
LaTeX Info: Redefining \frac on input line 234.
\uproot@=\count308
\leftroot@=\count309
LaTeX Info: Redefining \overline on input line 399.
\classnum@=\count310
\DOTSCASE@=\count311
LaTeX Info: Redefining \ldots on input line 496.
LaTeX Info: Redefining \dots on input line 499.
LaTeX Info: Redefining \cdots on input line 620.
\Mathstrutbox@=\box73
\strutbox@=\box74
\big@size=\dimen272
LaTeX Font Info:    Redeclaring font encoding OML on input line 743.
LaTeX Font Info:    Redeclaring font encoding OMS on input line 744.
\macc@depth=\count312
\c@MaxMatrixCols=\count313
\dotsspace@=\muskip17
\c@parentequation=\count314
\dspbrk@lvl=\count315
\tag@help=\toks34
\row@=\count316
\column@=\count317
\maxfields@=\count318
\andhelp@=\toks35
\eqnshift@=\dimen273
\alignsep@=\dimen274
\tagshift@=\dimen275
\tagwidth@=\dimen276
\totwidth@=\dimen277
\lineht@=\dimen278
\@envbody=\toks36
\multlinegap=\skip58
\multlinetaggap=\skip59
\mathdisplay@stack=\toks37
LaTeX Info: Redefining \[ on input line 2923.
LaTeX Info: Redefining \] on input line 2924.
)
("/Users/omid/Library/Application Support/MiKTeX/texmfs/install/tex/latex/amscl
s/amsthm.sty"
Package: amsthm 2020/05/29 v2.20.6
\thm@style=\toks38
\thm@bodyfont=\toks39
\thm@headfont=\toks40
\thm@notefont=\toks41
\thm@headpunct=\toks42
\thm@preskip=\skip60
\thm@postskip=\skip61
\thm@headsep=\skip62
\dth@everypar=\toks43
)
\c@theorem=\count319
)
("/Users/omid/Library/Application Support/MiKTeX/texmfs/install/tex/latex/beame
r/beamerbasethemes.sty"))
("/Users/omid/Library/Application Support/MiKTeX/texmfs/install/tex/latex/beame
r/beamerthemedefault.sty"
("/Users/omid/Library/Application Support/MiKTeX/texmfs/install/tex/latex/beame
r/beamerfontthemedefault.sty")
("/Users/omid/Library/Application Support/MiKTeX/texmfs/install/tex/latex/beame
r/beamercolorthemedefault.sty")
("/Users/omid/Library/Application Support/MiKTeX/texmfs/install/tex/latex/beame
r/beamerinnerthemedefault.sty"
\beamer@dima=\dimen279
\beamer@dimb=\dimen280
)
("/Users/omid/Library/Application Support/MiKTeX/texmfs/install/tex/latex/beame
r/beamerouterthemedefault.sty")))
("/Users/omid/Library/Application Support/MiKTeX/texmfs/install/tex/latex/frame
d/framed.sty"
Package: framed 2011/10/22 v 0.96: framed or shaded text with page breaks
\OuterFrameSep=\skip63
\fb@frw=\dimen281
\fb@frh=\dimen282
\FrameRule=\dimen283
\FrameSep=\dimen284
)
("/Users/omid/Library/Application Support/MiKTeX/texmfs/install/tex/latex/base/
alltt.sty"
Package: alltt 1997/06/16 v2.0g defines alltt environment
)
("/Users/omid/Library/Application Support/MiKTeX/texmfs/install/tex/generic/bab
el/babel.sty"
Package: babel 2020/10/27 3.51 The Babel package

("/Users/omid/Library/Application Support/MiKTeX/texmfs/install/tex/generic/bab
el/babel.def"
File: babel.def 2020/10/27 3.51 Babel common definitions
\babel@savecnt=\count320
\U@D=\dimen285
\l@babelnohyphens=\language1

("/Users/omid/Library/Application Support/MiKTeX/texmfs/install/tex/generic/bab
el/txtbabel.def")
\bbl@readstream=\read3
)
LaTeX Info: Redefining \textlatin on input line 707.
\bbl@dirlevel=\count321

*************************************
* Local config file bblopts.cfg used
*

("/Users/omid/Library/Application Support/MiKTeX/texmfs/install/tex/latex/arabi
/bblopts.cfg"
File: bblopts.cfg 2005/09/08 v0.1 add Arabic and Farsi to "declared" options of
 babel
)
("/Users/omid/Library/Application Support/MiKTeX/texmfs/install/tex/latex/babel
-english/english.ldf"
Language: english 2017/06/06 v3.3r English support from the babel system
))
("/Users/omid/Library/Application Support/MiKTeX/texmfs/install/tex/latex/doubl
estroke/dsfont.sty"
Package: dsfont 1995/08/01 v0.1 Double stroke roman fonts
)
\sympureletters=\mathgroup6
LaTeX Font Info:    Overwriting symbol font `pureletters' in version `bold'
(Font)                  OT1/mathkerncmss/m/sl --> OT1/mathkerncmss/bx/sl on inp
ut line 63.

("/Users/omid/Library/Application Support/MiKTeX/texmfs/install/tex/latex/latex
-tools/bm.sty"
Package: bm 2019/07/24 v1.2d Bold Symbol Support (DPC/FMi)
\symboldoperators=\mathgroup7
\symboldletters=\mathgroup8
LaTeX Font Info:    Redeclaring math alphabet \mathbf on input line 141.
LaTeX Info: Redefining \bm on input line 209.
)
("/Users/omid/Library/Application Support/MiKTeX/texmfs/install/tex/latex/bbm/b
bm.sty"
Package: bbm 1999/03/15 V 1.2 provides fonts for set symbols - TH
LaTeX Font Info:    Overwriting math alphabet `\mathbbm' in version `bold'
(Font)                  U/bbm/m/n --> U/bbm/bx/n on input line 33.
LaTeX Font Info:    Overwriting math alphabet `\mathbbmss' in version `bold'
(Font)                  U/bbmss/m/n --> U/bbmss/bx/n on input line 35.
)
("/Users/omid/Library/Application Support/MiKTeX/texmfs/install/tex/latex/latex
-tools/verbatim.sty"
Package: verbatim 2020-07-07 v1.5u LaTeX2e package for verbatim enhancements
\every@verbatim=\toks44
\verbatim@line=\toks45
\verbatim@in@stream=\read4
)
("/Users/omid/Library/Application Support/MiKTeX/texmfs/install/tex/latex/csquo
tes/csquotes.sty"
Package: csquotes 2019-12-06 v5.2j context-sensitive quotations (JAW)
\csq@reset=\count322
\csq@gtype=\count323
\csq@glevel=\count324
\csq@qlevel=\count325
\csq@maxlvl=\count326
\csq@tshold=\count327
\csq@ltx@everypar=\toks46

("/Users/omid/Library/Application Support/MiKTeX/texmfs/install/tex/latex/csquo
tes/csquotes.def"
File: csquotes.def 2019-12-06 v5.2j csquotes generic definitions (JAW)
)
Package csquotes Info: Trying to load configuration file 'csquotes.cfg'...
Package csquotes Info: ... configuration file loaded successfully.

("/Users/omid/Library/Application Support/MiKTeX/texmfs/install/tex/latex/csquo
tes/csquotes.cfg"
File: csquotes.cfg 
))
("/Users/omid/Library/Application Support/MiKTeX/texmfs/install/tex/latex/multi
row/multirow.sty"
Package: multirow 2019/05/31 v2.5 Span multiple rows of a table
\multirow@colwidth=\skip64
\multirow@cntb=\count328
\multirow@dima=\skip65
\bigstrutjot=\dimen286
)
("/Users/omid/Library/Application Support/MiKTeX/texmfs/install/tex/latex/latex
-tools/longtable.sty"
Package: longtable 2020/01/07 v4.13 Multi-page Table package (DPC)
\LTleft=\skip66
\LTright=\skip67
\LTpre=\skip68
\LTpost=\skip69
\LTchunksize=\count329
\LTcapwidth=\dimen287
\LT@head=\box75
\LT@firsthead=\box76
\LT@foot=\box77
\LT@lastfoot=\box78
\LT@cols=\count330
\LT@rows=\count331
\c@LT@tables=\count332
\c@LT@chunks=\count333
\LT@p@ftn=\toks47
)
("/Users/omid/Library/Application Support/MiKTeX/texmfs/install/tex/latex/textp
os/textpos.sty"
Package: textpos 2020/09/26 v1.10

Package: textpos 2020/09/26 1.10, absolute positioning of text on the page
Package textpos Info: choosing support for LaTeX3 on input line 61.
\TP@textbox=\box79
\TP@holdbox=\box80
\TPHorizModule=\dimen288
\TPVertModule=\dimen289
\TP@margin=\dimen290
\TP@absmargin=\dimen291
Grid set 16 x 16 = 22.7622pt x 17.07166pt
\TPboxrulesize=\dimen292
\TP@ox=\dimen293
\TP@oy=\dimen294
\TP@tbargs=\toks48
TextBlockOrigin set to 0pt x 0pt
)
("/Users/omid/Library/Application Support/MiKTeX/texmfs/install/tex/latex/psfra
g/psfrag.sty"
Package: psfrag 1998/04/11 v3.04 PSfrag (MCG)
\pfg@pcount=\count334
\pfg@scount=\count335
\pfg@temp=\write5
)
("/Users/omid/Library/Application Support/MiKTeX/texmfs/install/tex/latex/algor
ithms/algorithm.sty"
Package: algorithm 2009/08/24 v0.1 Document Style `algorithm' - floating enviro
nment

("/Users/omid/Library/Application Support/MiKTeX/texmfs/install/tex/latex/float
/float.sty"
Package: float 2001/11/08 v1.3d Float enhancements (AL)
\c@float@type=\count336
\float@exts=\toks49
\float@box=\box81
\@float@everytoks=\toks50
\@floatcapt=\box82
)
("/Users/omid/Library/Application Support/MiKTeX/texmfs/install/tex/latex/base/
ifthen.sty"
Package: ifthen 2014/09/29 v1.1c Standard LaTeX ifthen package (DPC)
)
\@float@every@algorithm=\toks51
\c@algorithm=\count337
)
("/Users/omid/Library/Application Support/MiKTeX/texmfs/install/tex/latex/algor
ithmicx/algorithmicx.sty"
Package: algorithmicx 2005/04/27 v1.2 Algorithmicx

Document Style algorithmicx 1.2 - a greatly improved `algorithmic' style
\c@ALG@line=\count338
\c@ALG@rem=\count339
\c@ALG@nested=\count340
\ALG@tlm=\skip70
\ALG@thistlm=\skip71
\c@ALG@Lnr=\count341
\c@ALG@blocknr=\count342
\c@ALG@storecount=\count343
\c@ALG@tmpcounter=\count344
\ALG@tmplength=\skip72
)
("/Users/omid/Library/Application Support/MiKTeX/texmfs/install/tex/latex/algor
ithmicx/algpseudocode.sty"
Package: algpseudocode 

Document Style - pseudocode environments for use with the `algorithmicx' style
)
("/Users/omid/Library/Application Support/MiKTeX/texmfs/install/tex/latex/eqnar
ray/eqnarray.sty"
equationarray 1.3 <December 1, 2010>
Package: eqnarray 

("/Users/omid/Library/Application Support/MiKTeX/texmfs/install/tex/latex/latex
-tools/array.sty"
Package: array 2020/10/01 v2.5c Tabular extension package (FMi)
\col@sep=\dimen295
\ar@mcellbox=\box83
\extrarowheight=\dimen296
\NC@list=\toks52
\extratabsurround=\skip73
\backup@length=\skip74
\ar@cellbox=\box84
)
\@eqargcnt=\count345
)
("/Users/omid/Library/Application Support/MiKTeX/texmfs/install/tex/latex/beame
r/multimedia.sty"
Package: multimedia 2012/05/02 ver 0.02
\mm@movie=\count346
)
("/Users/omid/Library/Application Support/MiKTeX/texmfs/install/tex/latex/media
9/media9.sty"
("/Users/omid/Library/Application Support/MiKTeX/texmfs/install/tex/latex/l3ker
nel/expl3.sty"
Package: expl3 2020-12-03 L3 programming layer (loader) 

("/Users/omid/Library/Application Support/MiKTeX/texmfs/install/tex/latex/l3bac
kend/l3backend-pdftex.def"
File: l3backend-pdftex.def 2020-09-24 L3 backend support: PDF output (pdfTeX)
\l__kernel_color_stack_int=\count347
\l__pdf_internal_box=\box85
))
("/Users/omid/Library/Application Support/MiKTeX/texmfs/install/tex/latex/l3pac
kages/l3keys2e/l3keys2e.sty"
Package: l3keys2e 2020-10-27 LaTeX2e option processing using LaTeX3 keys
)
("/Users/omid/Library/Application Support/MiKTeX/texmfs/install/tex/latex/l3pac
kages/xparse/xparse.sty"
Package: xparse 2020-10-27 L3 Experimental document command parser

("/Users/omid/Library/Application Support/MiKTeX/texmfs/install/tex/latex/l3pac
kages/xparse/xparse-generic.tex"))
Package: media9 2020/09/10 v1.13 acrobat-9/X compatible media
\g_mix_pkgresizeflag_int=\count348

("/Users/omid/Library/Application Support/MiKTeX/texmfs/install/tex/latex/media
9/pdfbase.sty"
Package: pdfbase 2020/09/10 v0.44 driver independent access to low-level PDF fe
atures
\g_pbs_page_int=\count349
\g_pbs_oc_int=\count350
)
("/Users/omid/Library/Application Support/MiKTeX/texmfs/install/tex/latex/ocgx2
/ocgbase.sty"
Package: ocgbase 2019/11/04 v0.17 support package for ocgx2.sty
\g_ocgbase_nd_int=\count351
)
\l_mix_poster_box=\box86
\g_mix_wd_dim=\dimen297
\g_mix_ht_dim=\dimen298
\g_mix_dp_dim=\dimen299
\g_mix_rmcnt_int=\count352
\l_mix_viewcnt_int=\count353
\g@mix@page@int=\count354
\g_mix_resizeflag_int=\count355
\l_mix_lineno_int=\count356
\l_mix_pbtn_box=\box87
\mix@btn@dim=\dimen300
\g_mix_mbtncnt_int=\count357
)
("/Users/omid/Library/Application Support/MiKTeX/texmfs/install/tex/latex/aryds
hln/arydshln.sty"
Package: arydshln 2019/02/21 v1.76 
\dashlinedash=\dimen301
\dashlinegap=\dimen302
\adl@box=\box88
\adl@height=\dimen303
\adl@heightsave=\dimen304
\adl@depth=\dimen305
\adl@depthsave=\dimen306
\adl@finaldepth=\dimen307
\adl@columns=\count358
\adl@ncol=\count359
\adl@currentcolumn=\count360
\adl@currentcolumnsave=\count361
\adl@totalheight=\count362
\adl@totalheightsave=\count363
\adl@dash=\count364
\adl@gap=\count365
\adl@cla=\count366
\adl@clb=\count367
\adl@everyvbox=\toks53
\adl@LTpagetotal=\dimen308
)
("/Users/omid/Library/Application Support/MiKTeX/texmfs/install/tex/latex/latex
-tools/tabularx.sty"
Package: tabularx 2020/01/15 v2.11c `tabularx' package (DPC)
\TX@col@width=\dimen309
\TX@old@table=\dimen310
\TX@old@col=\dimen311
\TX@target=\dimen312
\TX@delta=\dimen313
\TX@cols=\count368
\TX@ftn=\toks54
)
("/Users/omid/Library/Application Support/MiKTeX/texmfs/install/tex/latex/place
ins/placeins.sty"
Package: placeins 2005/04/18  v 2.2
)
("/Users/omid/Library/Application Support/MiKTeX/texmfs/install/tex/latex/pgf/f
rontendlayer/tikz.sty"
("/Users/omid/Library/Application Support/MiKTeX/texmfs/install/tex/latex/pgf/b
asiclayer/pgf.sty"
Package: pgf 2020/12/01 v3.1.7a (3.1.7a)

("/Users/omid/Library/Application Support/MiKTeX/texmfs/install/tex/generic/pgf
/modules/pgfmoduleshapes.code.tex"
File: pgfmoduleshapes.code.tex 2020/12/01 v3.1.7a (3.1.7a)
\pgfnodeparttextbox=\box89
)
("/Users/omid/Library/Application Support/MiKTeX/texmfs/install/tex/generic/pgf
/modules/pgfmoduleplot.code.tex"
File: pgfmoduleplot.code.tex 2020/12/01 v3.1.7a (3.1.7a)
)
("/Users/omid/Library/Application Support/MiKTeX/texmfs/install/tex/latex/pgf/c
ompatibility/pgfcomp-version-0-65.sty"
Package: pgfcomp-version-0-65 2020/12/01 v3.1.7a (3.1.7a)
\pgf@nodesepstart=\dimen314
\pgf@nodesepend=\dimen315
)
("/Users/omid/Library/Application Support/MiKTeX/texmfs/install/tex/latex/pgf/c
ompatibility/pgfcomp-version-1-18.sty"
Package: pgfcomp-version-1-18 2020/12/01 v3.1.7a (3.1.7a)
))
("/Users/omid/Library/Application Support/MiKTeX/texmfs/install/tex/latex/pgf/u
tilities/pgffor.sty"
("/Users/omid/Library/Application Support/MiKTeX/texmfs/install/tex/latex/pgf/u
tilities/pgfkeys.sty"
("/Users/omid/Library/Application Support/MiKTeX/texmfs/install/tex/generic/pgf
/utilities/pgfkeys.code.tex"))
("/Users/omid/Library/Application Support/MiKTeX/texmfs/install/tex/latex/pgf/m
ath/pgfmath.sty"
("/Users/omid/Library/Application Support/MiKTeX/texmfs/install/tex/generic/pgf
/math/pgfmath.code.tex"))
("/Users/omid/Library/Application Support/MiKTeX/texmfs/install/tex/generic/pgf
/utilities/pgffor.code.tex"
Package: pgffor 2020/12/01 v3.1.7a (3.1.7a)

("/Users/omid/Library/Application Support/MiKTeX/texmfs/install/tex/generic/pgf
/math/pgfmath.code.tex")
\pgffor@iter=\dimen316
\pgffor@skip=\dimen317
\pgffor@stack=\toks55
\pgffor@toks=\toks56
))
("/Users/omid/Library/Application Support/MiKTeX/texmfs/install/tex/generic/pgf
/frontendlayer/tikz/tikz.code.tex"
Package: tikz 2020/12/01 v3.1.7a (3.1.7a)

("/Users/omid/Library/Application Support/MiKTeX/texmfs/install/tex/generic/pgf
/libraries/pgflibraryplothandlers.code.tex"
File: pgflibraryplothandlers.code.tex 2020/12/01 v3.1.7a (3.1.7a)
\pgf@plot@mark@count=\count369
\pgfplotmarksize=\dimen318
)
\tikz@lastx=\dimen319
\tikz@lasty=\dimen320
\tikz@lastxsaved=\dimen321
\tikz@lastysaved=\dimen322
\tikz@lastmovetox=\dimen323
\tikz@lastmovetoy=\dimen324
\tikzleveldistance=\dimen325
\tikzsiblingdistance=\dimen326
\tikz@figbox=\box90
\tikz@figbox@bg=\box91
\tikz@tempbox=\box92
\tikz@tempbox@bg=\box93
\tikztreelevel=\count370
\tikznumberofchildren=\count371
\tikznumberofcurrentchild=\count372
\tikz@fig@count=\count373

("/Users/omid/Library/Application Support/MiKTeX/texmfs/install/tex/generic/pgf
/modules/pgfmodulematrix.code.tex"
File: pgfmodulematrix.code.tex 2020/12/01 v3.1.7a (3.1.7a)
\pgfmatrixcurrentrow=\count374
\pgfmatrixcurrentcolumn=\count375
\pgf@matrix@numberofcolumns=\count376
)
\tikz@expandcount=\count377

("/Users/omid/Library/Application Support/MiKTeX/texmfs/install/tex/generic/pgf
/frontendlayer/tikz/libraries/tikzlibrarytopaths.code.tex"
File: tikzlibrarytopaths.code.tex 2020/12/01 v3.1.7a (3.1.7a)
)))
("/Users/omid/Library/Application Support/MiKTeX/texmfs/install/tex/latex/setsp
ace/setspace.sty"
Package: setspace 2011/12/19 v6.7a set line spacing
)
("/Users/omid/Library/Application Support/MiKTeX/texmfs/install/tex/latex/wrapf
ig/wrapfig.sty"
\wrapoverhang=\dimen327
\WF@size=\dimen328
\c@WF@wrappedlines=\count378
\WF@box=\box94
\WF@everypar=\toks57
Package: wrapfig 2003/01/31  v 3.6
)
("/Users/omid/Library/Application Support/MiKTeX/texmfs/install/tex/latex/tcolo
rbox/tcolorbox.sty"
Package: tcolorbox 2020/10/09 version 4.42 text color boxes

("/Users/omid/Library/Application Support/MiKTeX/texmfs/install/tex/latex/envir
on/environ.sty"
Package: environ 2014/05/04 v0.3 A new way to define environments

("/Users/omid/Library/Application Support/MiKTeX/texmfs/install/tex/latex/trims
paces/trimspaces.sty"
Package: trimspaces 2009/09/17 v1.1 Trim spaces around a token list
))
\tcb@titlebox=\box95
\tcb@upperbox=\box96
\tcb@lowerbox=\box97
\tcb@phantombox=\box98
\c@tcbbreakpart=\count379
\c@tcblayer=\count380
\c@tcolorbox@number=\count381
\tcb@temp=\box99
\tcb@temp=\box100
\tcb@temp=\box101
\tcb@temp=\box102
\tcb@out=\write6
\tcb@record@out=\write7
)
("/Users/omid/Library/Application Support/MiKTeX/texmfs/install/tex/latex/adjus
tbox/adjustbox.sty"
Package: adjustbox 2020/08/19 v1.3 Adjusting TeX boxes (trim, clip, ...)

("/Users/omid/Library/Application Support/MiKTeX/texmfs/install/tex/latex/xkeyv
al/xkeyval.sty"
Package: xkeyval 2020/11/20 v2.8 package option processing (HA)

("/Users/omid/Library/Application Support/MiKTeX/texmfs/install/tex/generic/xke
yval/xkeyval.tex"
("/Users/omid/Library/Application Support/MiKTeX/texmfs/install/tex/generic/xke
yval/xkvutils.tex"
\XKV@toks=\toks58
\XKV@tempa@toks=\toks59
)
\XKV@depth=\count382
File: xkeyval.tex 2014/12/03 v2.7a key=value parser (HA)
))
("/Users/omid/Library/Application Support/MiKTeX/texmfs/install/tex/latex/adjus
tbox/adjcalc.sty"
Package: adjcalc 2012/05/16 v1.1 Provides advanced setlength with multiple back
-ends (calc, etex, pgfmath)
)
("/Users/omid/Library/Application Support/MiKTeX/texmfs/install/tex/latex/adjus
tbox/trimclip.sty"
Package: trimclip 2020/08/19 v1.2 Trim and clip general TeX material

("/Users/omid/Library/Application Support/MiKTeX/texmfs/install/tex/latex/colle
ctbox/collectbox.sty"
Package: collectbox 2012/05/17 v0.4b Collect macro arguments as boxes
\collectedbox=\box103
)
\tc@llx=\dimen329
\tc@lly=\dimen330
\tc@urx=\dimen331
\tc@ury=\dimen332
Package trimclip Info: Using driver 'tc-pdftex.def'.

("/Users/omid/Library/Application Support/MiKTeX/texmfs/install/tex/latex/adjus
tbox/tc-pdftex.def"
File: tc-pdftex.def 2019/01/04 v2.2 Clipping driver for pdftex
))
\adjbox@Width=\dimen333
\adjbox@Height=\dimen334
\adjbox@Depth=\dimen335
\adjbox@Totalheight=\dimen336
\adjbox@pwidth=\dimen337
\adjbox@pheight=\dimen338
\adjbox@pdepth=\dimen339
\adjbox@ptotalheight=\dimen340

("/Users/omid/Library/Application Support/MiKTeX/texmfs/install/tex/latex/ifodd
page/ifoddpage.sty"
Package: ifoddpage 2016/04/23 v1.1 Conditionals for odd/even page detection
\c@checkoddpage=\count383
)
("/Users/omid/Library/Application Support/MiKTeX/texmfs/install/tex/latex/varwi
dth/varwidth.sty"
Package: varwidth 2009/03/30 ver 0.92;  Variable-width minipages
\@vwid@box=\box104
\sift@deathcycles=\count384
\@vwid@loff=\dimen341
\@vwid@roff=\dimen342
))
("/Users/omid/Library/Application Support/MiKTeX/texmfs/install/tex/latex/siuni
tx/siunitx.sty"
Package: siunitx 2020/02/25 v2.8b A comprehensive (SI) units package
\l__siunitx_tmp_box=\box105
\l__siunitx_tmp_dim=\dimen343
\l__siunitx_tmp_int=\count385
\l__siunitx_number_mantissa_length_int=\count386
\l__siunitx_number_uncert_length_int=\count387
\l__siunitx_round_int=\count388
\l__siunitx_process_decimal_int=\count389
\l__siunitx_process_uncertainty_int=\count390
\l__siunitx_process_fixed_int=\count391
\l__siunitx_process_integer_min_int=\count392
\l__siunitx_process_precision_int=\count393
\l__siunitx_group_min_int=\count394
\l__siunitx_angle_marker_box=\box106
\l__siunitx_angle_unit_box=\box107
\l__siunitx_angle_marker_dim=\dimen344
\l__siunitx_angle_unit_dim=\dimen345
\l__siunitx_unit_int=\count395
\l__siunitx_unit_denominator_int=\count396
\l__siunitx_unit_numerator_int=\count397
\l__siunitx_unit_prefix_int=\count398
\l__siunitx_unit_prefix_base_int=\count399
\l__siunitx_unit_prefix_gram_int=\count400
\l__siunitx_number_product_int=\count401
\c__siunitx_one_fill_skip=\skip75
\l__siunitx_table_unit_align_skip=\skip76
\l__siunitx_table_exponent_dim=\dimen346
\l__siunitx_table_integer_dim=\dimen347
\l__siunitx_table_mantissa_dim=\dimen348
\l__siunitx_table_marker_dim=\dimen349
\l__siunitx_table_result_dim=\dimen350
\l__siunitx_table_uncert_dim=\dimen351
\l__siunitx_table_fill_pre_dim=\dimen352
\l__siunitx_table_fill_post_dim=\dimen353
\l__siunitx_table_fill_mid_dim=\dimen354
\l__siunitx_table_pre_box=\box108
\l__siunitx_table_post_box=\box109
\l__siunitx_table_mantissa_box=\box110
\l__siunitx_table_result_box=\box111
\l__siunitx_table_number_align_skip=\skip77
\l__siunitx_table_text_align_skip=\skip78
)
("/Users/omid/Library/Application Support/MiKTeX/texmfs/install/tex/generic/pgf
/frontendlayer/tikz/libraries/tikzlibraryshapes.code.tex"
File: tikzlibraryshapes.code.tex 2020/12/01 v3.1.7a (3.1.7a)

("/Users/omid/Library/Application Support/MiKTeX/texmfs/install/tex/generic/pgf
/frontendlayer/tikz/libraries/tikzlibraryshapes.geometric.code.tex"
File: tikzlibraryshapes.geometric.code.tex 2020/12/01 v3.1.7a (3.1.7a)

("/Users/omid/Library/Application Support/MiKTeX/texmfs/install/tex/generic/pgf
/libraries/shapes/pgflibraryshapes.geometric.code.tex"
File: pgflibraryshapes.geometric.code.tex 2020/12/01 v3.1.7a (3.1.7a)
))
("/Users/omid/Library/Application Support/MiKTeX/texmfs/install/tex/generic/pgf
/frontendlayer/tikz/libraries/tikzlibraryshapes.misc.code.tex"
File: tikzlibraryshapes.misc.code.tex 2020/12/01 v3.1.7a (3.1.7a)

("/Users/omid/Library/Application Support/MiKTeX/texmfs/install/tex/generic/pgf
/libraries/shapes/pgflibraryshapes.misc.code.tex"
File: pgflibraryshapes.misc.code.tex 2020/12/01 v3.1.7a (3.1.7a)
))
("/Users/omid/Library/Application Support/MiKTeX/texmfs/install/tex/generic/pgf
/frontendlayer/tikz/libraries/tikzlibraryshapes.symbols.code.tex"
File: tikzlibraryshapes.symbols.code.tex 2020/12/01 v3.1.7a (3.1.7a)

("/Users/omid/Library/Application Support/MiKTeX/texmfs/install/tex/generic/pgf
/libraries/shapes/pgflibraryshapes.symbols.code.tex"
File: pgflibraryshapes.symbols.code.tex 2020/12/01 v3.1.7a (3.1.7a)
))
("/Users/omid/Library/Application Support/MiKTeX/texmfs/install/tex/generic/pgf
/frontendlayer/tikz/libraries/tikzlibraryshapes.arrows.code.tex"
File: tikzlibraryshapes.arrows.code.tex 2020/12/01 v3.1.7a (3.1.7a)

("/Users/omid/Library/Application Support/MiKTeX/texmfs/install/tex/generic/pgf
/libraries/shapes/pgflibraryshapes.arrows.code.tex"
File: pgflibraryshapes.arrows.code.tex 2020/12/01 v3.1.7a (3.1.7a)
))
("/Users/omid/Library/Application Support/MiKTeX/texmfs/install/tex/generic/pgf
/frontendlayer/tikz/libraries/tikzlibraryshapes.callouts.code.tex"
("/Users/omid/Library/Application Support/MiKTeX/texmfs/install/tex/generic/pgf
/libraries/shapes/pgflibraryshapes.callouts.code.tex"))
("/Users/omid/Library/Application Support/MiKTeX/texmfs/install/tex/generic/pgf
/frontendlayer/tikz/libraries/tikzlibraryshapes.multipart.code.tex"
File: tikzlibraryshapes.multipart.code.tex 2020/12/01 v3.1.7a (3.1.7a)

("/Users/omid/Library/Application Support/MiKTeX/texmfs/install/tex/generic/pgf
/libraries/shapes/pgflibraryshapes.multipart.code.tex"
File: pgflibraryshapes.multipart.code.tex 2020/12/01 v3.1.7a (3.1.7a)
\pgfnodepartlowerbox=\box112
\pgfnodeparttwobox=\box113
\pgfnodepartthreebox=\box114
\pgfnodepartfourbox=\box115
\pgfnodeparttwentybox=\box116
\pgfnodepartnineteenbox=\box117
\pgfnodeparteighteenbox=\box118
\pgfnodepartseventeenbox=\box119
\pgfnodepartsixteenbox=\box120
\pgfnodepartfifteenbox=\box121
\pgfnodepartfourteenbox=\box122
\pgfnodepartthirteenbox=\box123
\pgfnodeparttwelvebox=\box124
\pgfnodepartelevenbox=\box125
\pgfnodeparttenbox=\box126
\pgfnodepartninebox=\box127
\pgfnodeparteightbox=\box128
\pgfnodepartsevenbox=\box129
\pgfnodepartsixbox=\box130
\pgfnodepartfivebox=\box131
)))
("/Users/omid/Library/Application Support/MiKTeX/texmfs/install/tex/generic/pgf
/frontendlayer/tikz/libraries/tikzlibraryarrows.code.tex"
File: tikzlibraryarrows.code.tex 2020/12/01 v3.1.7a (3.1.7a)

("/Users/omid/Library/Application Support/MiKTeX/texmfs/install/tex/generic/pgf
/libraries/pgflibraryarrows.code.tex"
File: pgflibraryarrows.code.tex 2020/12/01 v3.1.7a (3.1.7a)
\arrowsize=\dimen355
))
("/Users/omid/Library/Application Support/MiKTeX/texmfs/install/tex/generic/pgf
/frontendlayer/tikz/libraries/tikzlibraryautomata.code.tex"
File: tikzlibraryautomata.code.tex 2020/12/01 v3.1.7a (3.1.7a)
)
("/Users/omid/Library/Application Support/MiKTeX/texmfs/install/tex/generic/pgf
/frontendlayer/tikz/libraries/tikzlibrarypositioning.code.tex"
File: tikzlibrarypositioning.code.tex 2020/12/01 v3.1.7a (3.1.7a)
)
("/Users/omid/Library/Application Support/MiKTeX/texmfs/install/tex/generic/pgf
/frontendlayer/tikz/libraries/tikzlibrarycalc.code.tex"
File: tikzlibrarycalc.code.tex 2020/12/01 v3.1.7a (3.1.7a)
)
\mybox=\box132

("/Users/omid/Library/Application Support/MiKTeX/texmfs/install/tex/latex/subfi
g/subfig.sty"
Package: subfig 2005/06/28 ver: 1.3 subfig package

("/Users/omid/Library/Application Support/MiKTeX/texmfs/install/tex/latex/capti
on/caption.sty"
Package: caption 2020/10/26 v3.5g Customizing captions (AR)

("/Users/omid/Library/Application Support/MiKTeX/texmfs/install/tex/latex/capti
on/caption3.sty"
Package: caption3 2020/10/21 v2.2e caption3 kernel (AR)
\captionmargin=\dimen356
\captionmargin@=\dimen357
\captionwidth=\dimen358
\caption@tempdima=\dimen359
\caption@indent=\dimen360
\caption@parindent=\dimen361
\caption@hangindent=\dimen362
Package caption Info: beamer document class detected.

("/Users/omid/Library/Application Support/MiKTeX/texmfs/install/tex/latex/capti
on/caption-beamer.sto"
File: caption-beamer.sto 2020/08/22 v2.0 Adaption of the caption package to the
 beamer document classes (AR)
))
\c@caption@flags=\count402
\c@continuedfloat=\count403
Package caption Info: float package is loaded.
Package caption Info: hyperref package is loaded.
Package caption Info: Hyperref support is turned off
(caption)             because hyperref has stopped early.
Package caption Info: longtable package is loaded.

("/Users/omid/Library/Application Support/MiKTeX/texmfs/install/tex/latex/capti
on/ltcaption.sty"
Package: ltcaption 2020/05/30 v1.4b longtable captions (AR)
)
Package caption Info: wrapfig package is loaded.
)
\c@KVtest=\count404
\sf@farskip=\skip79
\sf@captopadj=\dimen363
\sf@capskip=\skip80
\sf@nearskip=\skip81
\c@subfigure=\count405
\c@subfigure@save=\count406
\c@depth=\count407
\c@subtable=\count408
\c@subtable@save=\count409
\sf@top=\skip82
\sf@bottom=\skip83
) (../style/lmu-lecture.sty
\symmysymbols=\mathgroup9
LaTeX Font Info:    Overwriting symbol font `mysymbols' in version `bold'
(Font)                  OMS/cmsy/m/n --> OMS/cmsy/b/n on input line 5.

("/Users/omid/Library/Application Support/MiKTeX/texmfs/install/tex/latex/fancy
vrb/fancyvrb.sty"
Package: fancyvrb 2020/05/03 v3.6 verbatim text (tvz,hv)
\FV@CodeLineNo=\count410
\FV@InFile=\read5
\FV@TabBox=\box133
\c@FancyVerbLine=\count411
\FV@StepNumber=\count412
\FV@OutFile=\write8
)
Package hyperref Info: Option `colorlinks' set `false' on input line 100.


Package hyperref Warning: Token not allowed in a PDF string (PDFDocEncoding):
(hyperref)                removing `\insertshortauthor' on input line 100.


Package hyperref Warning: Token not allowed in a PDF string (PDFDocEncoding):
(hyperref)                removing `\insertshorttitle' on input line 100.


("/Users/omid/Library/Application Support/MiKTeX/texmfs/install/tex/latex/beame
r/beamerfontthemestructurebold.sty")
("/Users/omid/Library/Application Support/MiKTeX/texmfs/install/tex/latex/base/
fontenc.sty"
Package: fontenc 2020/08/10 v2.0s Standard LaTeX package
)
("/Users/omid/Library/Application Support/MiKTeX/texmfs/install/tex/latex/psnfs
s/helvet.sty"
Package: helvet 2020/03/25 PSNFSS-v9.3 (WaS) 
)
\c@lectureframenumber=\count413
)
Package csquotes Info: Checking for multilingual support...
Package csquotes Info: ... found 'babel' package.
Package csquotes Info: Adjusting default style.
Package csquotes Info: Redefining alias 'default' -> 'english'.
LaTeX Font Info:    Trying to load font information for T1+phv on input line 19
0.

("/Users/omid/Library/Application Support/MiKTeX/texmfs/install/tex/latex/psnfs
s/t1phv.fd"
File: t1phv.fd 2020/03/25 scalable font definitions for T1/phv.
)
LaTeX Font Info:    Font shape `T1/phv/m/n' will be
(Font)              scaled to size 10.07397pt on input line 190.
 (01-brief-history.aux)
\openout1 = `01-brief-history.aux'.

LaTeX Font Info:    Checking defaults for OML/cmm/m/it on input line 190.
LaTeX Font Info:    ... okay on input line 190.
LaTeX Font Info:    Checking defaults for OMS/cmsy/m/n on input line 190.
LaTeX Font Info:    ... okay on input line 190.
LaTeX Font Info:    Checking defaults for OT1/cmr/m/n on input line 190.
LaTeX Font Info:    ... okay on input line 190.
LaTeX Font Info:    Checking defaults for T1/cmr/m/n on input line 190.
LaTeX Font Info:    ... okay on input line 190.
LaTeX Font Info:    Checking defaults for TS1/cmr/m/n on input line 190.
LaTeX Font Info:    ... okay on input line 190.
LaTeX Font Info:    Checking defaults for OMX/cmex/m/n on input line 190.
LaTeX Font Info:    ... okay on input line 190.
LaTeX Font Info:    Checking defaults for U/cmr/m/n on input line 190.
LaTeX Font Info:    ... okay on input line 190.
LaTeX Font Info:    Checking defaults for PD1/pdf/m/n on input line 190.
LaTeX Font Info:    ... okay on input line 190.

*geometry* driver: auto-detecting
*geometry* detected driver: pdftex
*geometry* verbose mode - [ preamble ] result:
* driver: pdftex
* paper: custom
* layout: <same size as paper>
* layoutoffset:(h,v)=(0.0pt,0.0pt)
* modes: includehead includefoot 
* h-part:(L,W,R)=(22.76228pt, 318.67079pt, 22.76228pt)
* v-part:(T,H,B)=(0.0pt, 273.14662pt, 0.0pt)
* \paperwidth=364.19536pt
* \paperheight=273.14662pt
* \textwidth=318.67079pt
* \textheight=244.6939pt
* \oddsidemargin=-49.5077pt
* \evensidemargin=-49.5077pt
* \topmargin=-72.26999pt
* \headheight=14.22636pt
* \headsep=0.0pt
* \topskip=11.0pt
* \footskip=14.22636pt
* \marginparwidth=4.0pt
* \marginparsep=10.0pt
* \columnsep=10.0pt
* \skip\footins=10.0pt plus 4.0pt minus 2.0pt
* \hoffset=0.0pt
* \voffset=0.0pt
* \mag=1000
* \@twocolumnfalse
* \@twosidefalse
* \@mparswitchfalse
* \@reversemarginfalse
* (1in=72.27pt=25.4mm, 1cm=28.453pt)


("/Users/omid/Library/Application Support/MiKTeX/texmfs/install/tex/context/bas
e/mkii/supp-pdf.mkii"
[Loading MPS to PDF converter (version 2006.09.02).]
\scratchcounter=\count414
\scratchdimen=\dimen364
\scratchbox=\box134
\nofMPsegments=\count415
\nofMParguments=\count416
\everyMPshowfont=\toks60
\MPscratchCnt=\count417
\MPscratchDim=\dimen365
\MPnumerator=\count418
\makeMPintoPDFobject=\count419
\everyMPtoPDFconversion=\toks61
)
("/Users/omid/Library/Application Support/MiKTeX/texmfs/install/tex/latex/epsto
pdf-pkg/epstopdf-base.sty"
Package: epstopdf-base 2020-01-24 v2.11 Base part for package epstopdf

("/Users/omid/Library/Application Support/MiKTeX/texmfs/install/tex/latex/grfex
t/grfext.sty"
Package: grfext 2019/12/03 v1.3 Manage graphics extensions (HO)
)
Package epstopdf-base Info: Redefining graphics rule for `.eps' on input line 4
85.
Package grfext Info: Graphics extension search list:
(grfext)             [.pdf,.png,.jpg,.mps,.jpeg,.jbig2,.jb2,.PDF,.PNG,.JPG,.JPE
G,.JBIG2,.JB2,.eps]
(grfext)             \AppendGraphicsExtensions on input line 504.
)
Package hyperref Info: Link coloring OFF on input line 190.

("/Users/omid/Library/Application Support/MiKTeX/texmfs/install/tex/latex/hyper
ref/nameref.sty"
Package: nameref 2019/09/16 v2.46 Cross-referencing by name of section

("/Users/omid/Library/Application Support/MiKTeX/texmfs/install/tex/latex/refco
unt/refcount.sty"
Package: refcount 2019/12/15 v3.6 Data extraction from label references (HO)
)
("/Users/omid/Library/Application Support/MiKTeX/texmfs/install/tex/generic/get
titlestring/gettitlestring.sty"
Package: gettitlestring 2019/12/15 v1.6 Cleanup title references (HO)
)
\c@section@level=\count420
)
LaTeX Info: Redefining \ref on input line 190.
LaTeX Info: Redefining \pageref on input line 190.
LaTeX Info: Redefining \nameref on input line 190.
 (01-brief-history.out) (01-brief-history.out)
\@outlinefile=\write9
\openout9 = `01-brief-history.out'.

LaTeX Font Info:    Overwriting symbol font `operators' in version `normal'
(Font)                  OT1/cmr/m/n --> OT1/cmss/m/n on input line 190.
LaTeX Font Info:    Overwriting symbol font `operators' in version `bold'
(Font)                  OT1/cmr/bx/n --> OT1/cmss/b/n on input line 190.
\symnumbers=\mathgroup10
LaTeX Font Info:    Redeclaring symbol font `pureletters' on input line 190.
LaTeX Font Info:    Encoding `OT1' has changed to `T1' for symbol font
(Font)              `pureletters' in the math version `normal' on input line 19
0.
LaTeX Font Info:    Overwriting symbol font `pureletters' in version `normal'
(Font)                  OT1/mathkerncmss/m/sl --> T1/phv/m/it on input line 190
.
LaTeX Font Info:    Encoding `OT1' has changed to `T1' for symbol font
(Font)              `pureletters' in the math version `bold' on input line 190.

LaTeX Font Info:    Overwriting symbol font `pureletters' in version `bold'
(Font)                  OT1/mathkerncmss/bx/sl --> T1/phv/m/it on input line 19
0.
LaTeX Font Info:    Overwriting math alphabet `\mathrm' in version `normal'
(Font)                  OT1/cmss/m/n --> T1/cmr/m/n on input line 190.
LaTeX Font Info:    Redeclaring math alphabet \mathbf on input line 190.
LaTeX Font Info:    Redeclaring math alphabet \mathsf on input line 190.
LaTeX Font Info:    Overwriting math alphabet `\mathsf' in version `normal'
(Font)                  OT1/cmss/m/n --> T1/phv/m/n on input line 190.
LaTeX Font Info:    Overwriting math alphabet `\mathsf' in version `bold'
(Font)                  OT1/cmss/bx/n --> T1/phv/m/n on input line 190.
LaTeX Font Info:    Redeclaring math alphabet \mathit on input line 190.
LaTeX Font Info:    Overwriting math alphabet `\mathit' in version `normal'
(Font)                  OT1/cmr/m/it --> T1/phv/m/it on input line 190.
LaTeX Font Info:    Overwriting math alphabet `\mathit' in version `bold'
(Font)                  OT1/cmr/bx/it --> T1/phv/m/it on input line 190.
LaTeX Font Info:    Redeclaring math alphabet \mathtt on input line 190.
LaTeX Font Info:    Overwriting math alphabet `\mathtt' in version `normal'
(Font)                  OT1/cmtt/m/n --> T1/laett/m/n on input line 190.
LaTeX Font Info:    Overwriting math alphabet `\mathtt' in version `bold'
(Font)                  OT1/cmtt/m/n --> T1/laett/m/n on input line 190.
LaTeX Font Info:    Overwriting symbol font `numbers' in version `bold'
(Font)                  T1/phv/m/n --> T1/phv/b/n on input line 190.
LaTeX Font Info:    Overwriting symbol font `pureletters' in version `bold'
(Font)                  T1/phv/m/it --> T1/phv/b/it on input line 190.
LaTeX Font Info:    Overwriting math alphabet `\mathrm' in version `bold'
(Font)                  OT1/cmss/b/n --> T1/cmr/b/n on input line 190.
LaTeX Font Info:    Overwriting math alphabet `\mathbf' in version `bold'
(Font)                  T1/phv/b/n --> T1/phv/b/n on input line 190.
LaTeX Font Info:    Overwriting math alphabet `\mathsf' in version `bold'
(Font)                  T1/phv/m/n --> T1/phv/b/n on input line 190.
LaTeX Font Info:    Overwriting math alphabet `\mathit' in version `bold'
(Font)                  T1/phv/m/it --> T1/phv/b/it on input line 190.
LaTeX Font Info:    Overwriting math alphabet `\mathtt' in version `bold'
(Font)                  T1/laett/m/n --> T1/laett/b/n on input line 190.
\symboldpureletters=\mathgroup11

("/Users/omid/Library/Application Support/MiKTeX/texmfs/install/tex/latex/trans
lator/translator-basic-dictionary-English.dict"
Dictionary: translator-basic-dictionary, Language: English 
)
("/Users/omid/Library/Application Support/MiKTeX/texmfs/install/tex/latex/trans
lator/translator-bibliography-dictionary-English.dict"
Dictionary: translator-bibliography-dictionary, Language: English 
)
("/Users/omid/Library/Application Support/MiKTeX/texmfs/install/tex/latex/trans
lator/translator-environment-dictionary-English.dict"
Dictionary: translator-environment-dictionary, Language: English 
)
("/Users/omid/Library/Application Support/MiKTeX/texmfs/install/tex/latex/trans
lator/translator-months-dictionary-English.dict"
Dictionary: translator-months-dictionary, Language: English 
)
("/Users/omid/Library/Application Support/MiKTeX/texmfs/install/tex/latex/trans
lator/translator-numbers-dictionary-English.dict"
Dictionary: translator-numbers-dictionary, Language: English 
)
("/Users/omid/Library/Application Support/MiKTeX/texmfs/install/tex/latex/trans
lator/translator-theorem-dictionary-English.dict"
Dictionary: translator-theorem-dictionary, Language: English 
)
("/Users/omid/Library/Application Support/MiKTeX/texmfs/install/tex/latex/siuni
tx/siunitx-abbreviations.cfg"
File: siunitx-abbreviations.cfg 2017/11/26 v2.7k siunitx: Abbreviated units
)
Package caption Info: Begin \AtBeginDocument code.
Package caption Info: subfig package v1.3 is loaded.
Package caption Info: End \AtBeginDocument code.
 (01-brief-history.nav)
LaTeX Font Info:    Font shape `T1/phv/m/n' will be
(Font)              scaled to size 5.51999pt on input line 190.
LaTeX Font Info:    Trying to load font information for TS1+phv on input line 1
90.

("/Users/omid/Library/Application Support/MiKTeX/texmfs/install/tex/latex/psnfs
s/ts1phv.fd"
File: ts1phv.fd 2020/03/25 scalable font definitions for TS1/phv.
)
LaTeX Font Info:    Font shape `TS1/phv/m/n' will be
(Font)              scaled to size 5.51999pt on input line 190.
LaTeX Font Info:    Font shape `T1/phv/b/n' will be
(Font)              scaled to size 5.51999pt on input line 190.


LaTeX Warning: Reference `endlect:@@0' on page 1 undefined on input line 190.

LaTeX Font Info:    Trying to load font information for U+msa on input line 190
.

("/Users/omid/Library/Application Support/MiKTeX/texmfs/install/tex/latex/amsfo
nts/umsa.fd"
File: umsa.fd 2013/01/14 v3.01 AMS symbols A
)
LaTeX Font Info:    Trying to load font information for U+msb on input line 190
.

("/Users/omid/Library/Application Support/MiKTeX/texmfs/install/tex/latex/amsfo
nts/umsb.fd"
File: umsb.fd 2013/01/14 v3.01 AMS symbols B
)
LaTeX Font Info:    Font shape `T1/phv/m/it' in size <10.95> not available
(Font)              Font shape `T1/phv/m/sl' tried instead on input line 190.
LaTeX Font Info:    Font shape `T1/phv/m/sl' will be
(Font)              scaled to size 10.07397pt on input line 190.
LaTeX Font Info:    Font shape `T1/phv/m/it' in size <8> not available
(Font)              Font shape `T1/phv/m/sl' tried instead on input line 190.
LaTeX Font Info:    Font shape `T1/phv/m/sl' will be
(Font)              scaled to size 7.35999pt on input line 190.
LaTeX Font Info:    Font shape `T1/phv/m/it' in size <6> not available
(Font)              Font shape `T1/phv/m/sl' tried instead on input line 190.
LaTeX Font Info:    Font shape `T1/phv/m/sl' will be
(Font)              scaled to size 5.51999pt on input line 190.
LaTeX Font Info:    Font shape `T1/phv/m/n' will be
(Font)              scaled to size 7.35999pt on input line 190.
LaTeX Font Info:    Font shape `T1/phv/bx/it' in size <10.95> not available
(Font)              Font shape `T1/phv/b/it' tried instead on input line 190.
LaTeX Font Info:    Font shape `T1/phv/b/it' in size <10.95> not available
(Font)              Font shape `T1/phv/b/sl' tried instead on input line 190.
LaTeX Font Info:    Font shape `T1/phv/b/sl' will be
(Font)              scaled to size 10.07397pt on input line 190.
LaTeX Font Info:    Font shape `T1/phv/bx/it' in size <8> not available
(Font)              Font shape `T1/phv/b/it' tried instead on input line 190.
LaTeX Font Info:    Font shape `T1/phv/b/it' in size <8> not available
(Font)              Font shape `T1/phv/b/sl' tried instead on input line 190.
LaTeX Font Info:    Font shape `T1/phv/b/sl' will be
(Font)              scaled to size 7.35999pt on input line 190.
LaTeX Font Info:    Font shape `T1/phv/bx/it' in size <6> not available
(Font)              Font shape `T1/phv/b/it' tried instead on input line 190.
LaTeX Font Info:    Font shape `T1/phv/b/it' in size <6> not available
(Font)              Font shape `T1/phv/b/sl' tried instead on input line 190.
LaTeX Font Info:    Font shape `T1/phv/b/sl' will be
(Font)              scaled to size 5.51999pt on input line 190.
LaTeX Font Info:    Trying to load font information for T1+laett on input line 
190.

("/Users/omid/Library/Application Support/MiKTeX/texmfs/install/tex/latex/ae/t1
laett.fd"
File: t1laett.fd 2001/02/12 Font definitions for T1/laett.
) (../latex-math/basic-math.tex) (../latex-math/basic-ml.tex)
(../latex-math/ml-nn.tex)
LaTeX Font Info:    Font shape `T1/phv/m/n' will be
(Font)              scaled to size 15.89755pt on input line 202.
LaTeX Font Info:    Font shape `T1/phv/b/n' will be
(Font)              scaled to size 15.89755pt on input line 202.
LaTeX Font Info:    Font shape `T1/phv/b/n' will be
(Font)              scaled to size 13.24796pt on input line 202.
LaTeX Font Info:    Font shape `T1/phv/b/n' will be
(Font)              scaled to size 10.07397pt on input line 202.
<../style/LMU-hintergrund1.png, id=16, 722.7pt x 542.025pt>
File: ../style/LMU-hintergrund1.png Graphic file (type png)
<use ../style/LMU-hintergrund1.png>
Package pdftex.def Info: ../style/LMU-hintergrund1.png  used on input line 202.

(pdftex.def)             Requested size: 364.1942pt x 273.15392pt.
 [1
Non-PDF special ignored!
<special> header=psfrag.pro

{/Users/omid/Library/Application Support/MiKTeX/texmfs/data/pdftex/config/pdfte
x.map} <../style/LMU-hintergrund1.png>]
[LECTURE]=[1][\insertlecture ][2][1]
<plots/mp_neuron.png, id=29, 394.1124pt x 189.3474pt>
File: plots/mp_neuron.png Graphic file (type png)
<use plots/mp_neuron.png>
Package pdftex.def Info: plots/mp_neuron.png  used on input line 207.
(pdftex.def)             Requested size: 199.16928pt x 95.68756pt.
<plots/perceptron_new.png, id=33, 390.258pt x 189.3474pt>
File: plots/perceptron_new.png Graphic file (type png)
<use plots/perceptron_new.png>
Package pdftex.def Info: plots/perceptron_new.png  used on input line 221.
(pdftex.def)             Requested size: 199.16928pt x 96.63522pt.
<plots/adaline.png, id=34, 340.1508pt x 195.6108pt>
File: plots/adaline.png Graphic file (type png)
<use plots/adaline.png>
Package pdftex.def Info: plots/adaline.png  used on input line 238.
(pdftex.def)             Requested size: 199.16928pt x 114.5378pt.
<plots/orvsxor.png, id=35, 509.7444pt x 200.4288pt>
File: plots/orvsxor.png Graphic file (type png)
<use plots/orvsxor.png>
Package pdftex.def Info: plots/orvsxor.png  used on input line 252.
(pdftex.def)             Requested size: 199.16928pt x 78.31065pt.
<plots/ai_winter.jpg, id=36, 953.5625pt x 451.6875pt>
File: plots/ai_winter.jpg Graphic file (type jpg)
<use plots/ai_winter.jpg>
Package pdftex.def Info: plots/ai_winter.jpg  used on input line 271.
(pdftex.def)             Requested size: 199.16928pt x 94.34026pt.
<plots/dl_feature2.png, id=37, 695.59875pt x 339.2675pt>
File: plots/dl_feature2.png Graphic file (type png)
<use plots/dl_feature2.png>
Package pdftex.def Info: plots/dl_feature2.png  used on input line 283.
(pdftex.def)             Requested size: 184.9429pt x 90.20053pt.
<plots/dl_timeline.png, id=38, 884.70525pt x 434.8245pt>
File: plots/dl_timeline.png Graphic file (type png)
<use plots/dl_timeline.png>
Package pdftex.def Info: plots/dl_timeline.png  used on input line 306.
(pdftex.def)             Requested size: 286.80176pt x 140.958pt.
LaTeX Font Info:    Font shape `T1/phv/m/n' will be
(Font)              scaled to size 9.19998pt on input line 307.
LaTeX Font Info:    Font shape `T1/phv/b/n' will be
(Font)              scaled to size 9.19998pt on input line 307.
<plots/DL_tools.png, id=39, 722.7pt x 406.51875pt>
File: plots/DL_tools.png Graphic file (type png)
<use plots/DL_tools.png>
Package pdftex.def Info: plots/DL_tools.png  used on input line 311.
(pdftex.def)             Requested size: 286.80176pt x 161.3268pt.
<plots/bostondynamic.png, id=40, 2473.24pt x 1390.19376pt>
File: plots/bostondynamic.png Graphic file (type png)
<use plots/bostondynamic.png>
Package pdftex.def Info: plots/bostondynamic.png  used on input line 318.
(pdftex.def)             Requested size: 227.62204pt x 127.93332pt.
LaTeX Font Info:    Font shape `T1/phv/m/n' will be
(Font)              scaled to size 8.27998pt on input line 321.
LaTeX Font Info:    Font shape `T1/phv/b/n' will be
(Font)              scaled to size 8.27998pt on input line 323.
<plots/ibmsupercomputer.jpg, id=43, 1505.625pt x 847.165pt>
File: plots/ibmsupercomputer.jpg Graphic file (type jpg)
<use plots/ibmsupercomputer.jpg>
Package pdftex.def Info: plots/ibmsupercomputer.jpg  used on input line 332.
(pdftex.def)             Requested size: 227.62204pt x 128.06462pt.
LaTeX Font Info:    Font shape `T1/phv/m/it' in size <9> not available
(Font)              Font shape `T1/phv/m/sl' tried instead on input line 339.
LaTeX Font Info:    Font shape `T1/phv/m/sl' will be
(Font)              scaled to size 8.27998pt on input line 339.
LaTeX Font Info:    Font shape `T1/phv/m/n' will be
(Font)              scaled to size 4.59999pt on input line 339.
LaTeX Font Info:    Font shape `T1/phv/m/it' in size <5> not available
(Font)              Font shape `T1/phv/m/sl' tried instead on input line 339.
LaTeX Font Info:    Font shape `T1/phv/m/sl' will be
(Font)              scaled to size 4.59999pt on input line 339.
LaTeX Font Info:    Font shape `T1/phv/bx/it' in size <9> not available
(Font)              Font shape `T1/phv/b/it' tried instead on input line 339.
LaTeX Font Info:    Font shape `T1/phv/b/it' in size <9> not available
(Font)              Font shape `T1/phv/b/sl' tried instead on input line 339.
LaTeX Font Info:    Font shape `T1/phv/b/sl' will be
(Font)              scaled to size 8.27998pt on input line 339.
LaTeX Font Info:    Font shape `T1/phv/bx/it' in size <5> not available
(Font)              Font shape `T1/phv/b/it' tried instead on input line 339.
LaTeX Font Info:    Font shape `T1/phv/b/it' in size <5> not available
(Font)              Font shape `T1/phv/b/sl' tried instead on input line 339.
LaTeX Font Info:    Font shape `T1/phv/b/sl' will be
(Font)              scaled to size 4.59999pt on input line 339.
<plots/selfdriving.jpg, id=44, 600.55353pt x 356.26056pt>
File: plots/selfdriving.jpg Graphic file (type jpg)
<use plots/selfdriving.jpg>
Package pdftex.def Info: plots/selfdriving.jpg  used on input line 346.
(pdftex.def)             Requested size: 227.62204pt x 135.02707pt.
LaTeX Font Info:    Font shape `T1/phv/b/n' will be
(Font)              scaled to size 3.68pt on input line 355.
LaTeX Font Info:    Font shape `T1/phv/m/n' will be
(Font)              scaled to size 3.68pt on input line 355.
[2

 <./plots/mp_neuron.png>] [3


 <./plots/perceptron_new.png>] [4


 <./plots/adaline.png>] [5


 <./plots/orvsxor.png>] [6


 <./plots/ai_winter.jpg>] [7


 <./plots/dl_feature2.png>] [8


] [9


 <./plots/dl_timeline.png>] [10


 <./plots/DL_tools.png>]
[11


 <./plots/bostondynamic.png>] [12


 <./plots/ibmsupercomputer.jpg>] [13


 <./plots/selfdriving.jpg>]
\tf@nav=\write10
\openout10 = `01-brief-history.nav'.

\tf@toc=\write11
\openout11 = `01-brief-history.toc'.

\tf@snm=\write12
\openout12 = `01-brief-history.snm'.

 (01-brief-history.aux)
Package rerunfilecheck Info: File `01-brief-history.out' has not changed.
(rerunfilecheck)             Checksum: D41D8CD98F00B204E9800998ECF8427E;0.


LaTeX Warning: There were undefined references.

 ) 
Here is how much of TeX's memory you used:
 34688 strings out of 481630
 740411 string characters out of 2916546
 1055318 words of memory out of 3000000
 50690 multiletter control sequences out of 15000+200000
 471137 words of font info for 108 fonts, out of 3000000 for 9000
 0 hyphenation exceptions out of 8191
 125i,13n,130p,466b,896s stack positions out of 5000i,500n,10000p,200000b,50000s
{/Users/omid/Library/Application Support/MiKTeX/texmfs/install/fonts/enc/dvip
s/base/8r.enc}</Users/omid/Library/Application Support/MiKTeX/texmfs/install/fo
nts/type1/public/amsfonts/cm/cmmi10.pfb></Users/omid/Library/Application Suppor
t/MiKTeX/texmfs/install/fonts/type1/public/amsfonts/cm/cmss10.pfb></Users/omid/
Library/Application Support/MiKTeX/texmfs/install/fonts/type1/public/amsfonts/c
m/cmss9.pfb></Users/omid/Library/Application Support/MiKTeX/texmfs/install/font
s/type1/public/amsfonts/cm/cmsy10.pfb></Users/omid/Library/Application Support/
MiKTeX/texmfs/install/fonts/type1/urw/helvetic/uhvb8a.pfb></Users/omid/Library/
Application Support/MiKTeX/texmfs/install/fonts/type1/urw/helvetic/uhvr8a.pfb><
/Users/omid/Library/Application Support/MiKTeX/texmfs/install/fonts/type1/urw/h
elvetic/uhvro8a.pfb>
Output written on 01-brief-history.pdf (13 pages, 5137902 bytes).
PDF statistics:
 161 PDF objects out of 1000 (max. 8388607)
 27 named destinations out of 1000 (max. 500000)
 125 words of extra memory for PDF output out of 10000 (max. 10000000)

